<?xml version="1.0" encoding="UTF-8"?>
<!-- Generated by org.testng.reporters.JUnitReportReporter -->
<testsuite hostname="DESKTOP-S4THFM7" failures="0" tests="1" name="testcase.CategoryTest" time="16.117" errors="0" timestamp="2025-01-28T17:24:32 IST" skipped="0">
  <testcase classname="testcase.CategoryTest" name="addValidCategory" time="16.117"/>
</testsuite> <!-- testcase.CategoryTest -->
