<?xml version="1.0" encoding="UTF-8"?>
<!-- Generated by org.testng.reporters.JUnitReportReporter -->
<testsuite hostname="DESKTOP-S4THFM7" failures="0" tests="1" name="testcase.LogoutTest" time="8.136" errors="0" timestamp="2025-01-22T15:27:05 IST" skipped="0">
  <testcase classname="testcase.LogoutTest" name="adminLogout" time="8.136"/>
</testsuite> <!-- testcase.LogoutTest -->
