<?xml version="1.0" encoding="UTF-8"?>
<!-- Generated by org.testng.reporters.JUnitReportReporter -->
<testsuite hostname="DESKTOP-S4THFM7" failures="0" tests="5" name="testcase.LoginTest" time="110.303" errors="0" timestamp="2025-02-03T15:56:14 IST" skipped="0">
  <testcase classname="testcase.LoginTest" name="userLoginWithValidUsernameandValidPassword" time="21.507"/>
  <testcase classname="testcase.LoginTest" name="userLoginWithValidUsernameandInvalidPassword" time="61.913"/>
  <testcase classname="testcase.LoginTest" name="userLoginWithInvalidUsernameandValidPassword" time="8.625"/>
  <testcase classname="testcase.LoginTest" name="userLoginWithInvalidUsernameandValidPassword" time="12.396"/>
  <testcase classname="testcase.LoginTest" name="userLoginWithInvalidUsernameandInvalidPassword" time="5.862"/>
</testsuite> <!-- testcase.LoginTest -->
