<?xml version="1.0" encoding="UTF-8"?>
<!-- Generated by org.testng.reporters.JUnitReportReporter -->
<testsuite hostname="DESKTOP-S4THFM7" failures="0" tests="2" name="testcase.CategoryTest" time="21.839" errors="0" timestamp="2025-02-06T13:54:05 IST" skipped="0">
  <testcase classname="testcase.CategoryTest" name="addingANewProductToTheCategory" time="12.196"/>
  <testcase classname="testcase.CategoryTest" name="searchAndVerifyTheNewlyAddedProductInCategory" time="9.643"/>
</testsuite> <!-- testcase.CategoryTest -->
