<?xml version="1.0" encoding="UTF-8"?>
<!-- Generated by org.testng.reporters.JUnitReportReporter -->
<testsuite hostname="DESKTOP-S4THFM7" failures="0" tests="1" name="testcase.ManageUsersTest" time="9.286" errors="0" timestamp="2025-01-22T22:09:55 IST" skipped="0">
  <testcase classname="testcase.ManageUsersTest" name="searchNewUser" time="9.286"/>
</testsuite> <!-- testcase.ManageUsersTest -->
