<?xml version="1.0" encoding="UTF-8"?>
<!-- Generated by org.testng.reporters.JUnitReportReporter -->
<testsuite hostname="DESKTOP-S4THFM7" failures="0" tests="2" name="testcase.SubCategoryTest" time="29.438" errors="0" timestamp="2025-02-03T15:56:14 IST" skipped="0">
  <testcase classname="testcase.SubCategoryTest" name="addingANewSubCategoryInSubcategoryField" time="18.797"/>
  <testcase classname="testcase.SubCategoryTest" name="searchNewlyAddedSubCategory" time="10.641"/>
</testsuite> <!-- testcase.SubCategoryTest -->
