<?xml version="1.0" encoding="UTF-8"?>
<!-- Generated by org.testng.reporters.JUnitReportReporter -->
<testsuite hostname="DESKTOP-S4THFM7" failures="0" tests="1" name="testcase.SubCategoryTest" time="9.884" errors="0" timestamp="2025-01-28T18:17:11 IST" skipped="0">
  <testcase classname="testcase.SubCategoryTest" name="addSubCategory" time="9.884"/>
</testsuite> <!-- testcase.SubCategoryTest -->
