<?xml version="1.0" encoding="UTF-8"?>
<!-- Generated by org.testng.reporters.JUnitReportReporter -->
<testsuite hostname="DESKTOP-S4THFM7" failures="0" tests="2" name="testcase.SubCategoryTest" time="18.520" errors="0" timestamp="2025-02-06T13:54:05 IST" skipped="0">
  <testcase classname="testcase.SubCategoryTest" name="addingANewSubCategoryInSubcategoryField" time="9.416"/>
  <testcase classname="testcase.SubCategoryTest" name="searchNewlyAddedSubCategory" time="9.104"/>
</testsuite> <!-- testcase.SubCategoryTest -->
