<?xml version="1.0" encoding="UTF-8"?>
<!-- Generated by org.testng.reporters.JUnitReportReporter -->
<testsuite hostname="DESKTOP-S4THFM7" failures="0" tests="1" name="testcase.ManageProductTest" time="11.932" errors="0" timestamp="2025-01-24T13:46:03 IST" skipped="0">
  <testcase classname="testcase.ManageProductTest" name="addNewProduct" time="11.932"/>
</testsuite> <!-- testcase.ManageProductTest -->
