<?xml version="1.0" encoding="UTF-8"?>
<!-- Generated by org.testng.reporters.JUnitReportReporter -->
<testsuite hostname="DESKTOP-S4THFM7" failures="0" tests="1" name="testcase.ManageNewsTest" time="10.064" errors="0" timestamp="2025-01-23T22:22:10 IST" skipped="0">
  <testcase classname="testcase.ManageNewsTest" name="addNews" time="10.064"/>
</testsuite> <!-- testcase.ManageNewsTest -->
