<?xml version="1.0" encoding="UTF-8"?>
<!-- Generated by org.testng.reporters.JUnitReportReporter -->
<testsuite hostname="DESKTOP-S4THFM7" failures="0" tests="2" name="testcase.ManageUsersTest" time="29.652" errors="0" timestamp="2025-02-03T15:56:15 IST" skipped="0">
  <testcase classname="testcase.ManageUsersTest" name="addingNewUserToTheManageUserSection" time="16.430"/>
  <testcase classname="testcase.ManageUsersTest" name="searchAndVerifyNewlyAddedUser" time="13.222"/>
</testsuite> <!-- testcase.ManageUsersTest -->
