<?xml version="1.0" encoding="UTF-8"?>
<!-- Generated by org.testng.reporters.JUnitReportReporter -->
<testsuite hostname="DESKTOP-S4THFM7" failures="0" tests="4" name="testcase.LoginTest" time="225.878" errors="0" timestamp="2025-02-06T15:27:25 IST" skipped="1">
  <testcase classname="testcase.LoginTest" name="userLoginWithValidUsernameandValidPassword" time="195.921">
    <skipped/>
  </testcase> <!-- userLoginWithValidUsernameandValidPassword -->
  <testcase classname="testcase.LoginTest" name="userLoginWithValidUsernameandValidPassword" time="5.489"/>
  <testcase classname="testcase.LoginTest" name="userLoginWithInvalidUsernameandValidPassword" time="9.401"/>
  <testcase classname="testcase.LoginTest" name="userLoginWithInvalidUsernameandValidPassword" time="15.067"/>
</testsuite> <!-- testcase.LoginTest -->
