<?xml version="1.0" encoding="UTF-8"?>
<!-- Generated by org.testng.reporters.JUnitReportReporter -->
<testsuite hostname="DESKTOP-S4THFM7" failures="0" tests="1" name="testcase.ManageNewsTest" time="10.053" errors="0" timestamp="2025-02-03T15:56:15 IST" skipped="0">
  <testcase classname="testcase.ManageNewsTest" name="addingNewNewsToManageNewsSection" time="10.053"/>
</testsuite> <!-- testcase.ManageNewsTest -->
