<?xml version="1.0" encoding="UTF-8"?>
<!-- Generated by org.testng.reporters.JUnitReportReporter -->
<testsuite hostname="DESKTOP-S4THFM7" failures="0" tests="2" name="testcase.ManageUsersTest" time="18.430" errors="0" timestamp="2025-02-06T13:54:05 IST" skipped="0">
  <testcase classname="testcase.ManageUsersTest" name="addingNewUserToTheManageUserSection" time="8.986"/>
  <testcase classname="testcase.ManageUsersTest" name="searchAndVerifyNewlyAddedUser" time="9.444"/>
</testsuite> <!-- testcase.ManageUsersTest -->
