<?xml version="1.0" encoding="UTF-8"?>
<!-- Generated by org.testng.reporters.JUnitReportReporter -->
<testsuite hostname="DESKTOP-S4THFM7" failures="0" tests="1" name="testcase.ManageNewsTest" time="9.496" errors="0" timestamp="2025-02-06T13:54:05 IST" skipped="0">
  <testcase classname="testcase.ManageNewsTest" name="addingNewNewsToManageNewsSection" time="9.496"/>
</testsuite> <!-- testcase.ManageNewsTest -->
