<?xml version="1.0" encoding="UTF-8"?>
<!-- Generated by org.testng.reporters.JUnitReportReporter -->
<testsuite hostname="DESKTOP-S4THFM7" failures="0" tests="1" name="testcase.LoginTest" time="6.473" errors="0" timestamp="2025-01-28T18:17:43 IST" skipped="0">
  <testcase classname="testcase.LoginTest" name="userLoginWithValidUsernameandValidPassword" time="6.473"/>
</testsuite> <!-- testcase.LoginTest -->
