<?xml version="1.0" encoding="UTF-8"?>
<!-- Generated by org.testng.reporters.JUnitXMLReporter -->
<testsuite ignored="0" hostname="DESKTOP-S4THFM7" failures="0" tests="1" name="Test-invalidusername-login" time="7.451" errors="0" timestamp="2025-01-31T08:42:46 IST">
  <testcase classname="testcase.HomePageTest" name="adminLogout" time="3.29"/>
</testsuite> <!-- Test-invalidusername-login -->
