<?xml version="1.0" encoding="UTF-8"?>
<!-- Generated by org.testng.reporters.JUnitXMLReporter -->
<testsuite ignored="1" hostname="DESKTOP-S4THFM7" failures="0" tests="1" name="Test-adduser" time="7.578" errors="0" timestamp="2025-01-29T14:39:38 IST">
  <testcase classname="testcase.ManageUsersTest" name="addNewUser" time="3.724"/>
  <testcase classname="testcase.ManageUsersTest" name="searchNewUser" time="0.0">
    <ignored/>
  </testcase> <!-- searchNewUser -->
</testsuite> <!-- Test-adduser -->
