<?xml version="1.0" encoding="UTF-8"?>
<!-- Generated by org.testng.reporters.JUnitXMLReporter -->
<testsuite ignored="1" hostname="DESKTOP-S4THFM7" failures="0" tests="1" name="Test-addcategory" time="9.912" errors="0" timestamp="2025-01-29T14:39:05 IST">
  <testcase classname="testcase.CategoryTest" name="addValidCategory" time="5.92"/>
  <testcase classname="testcase.CategoryTest" name="searchCategory" time="0.0">
    <ignored/>
  </testcase> <!-- searchCategory -->
</testsuite> <!-- Test-addcategory -->
