<?xml version="1.0" encoding="UTF-8"?>
<!-- Generated by org.testng.reporters.JUnitXMLReporter -->
<testsuite ignored="1" hostname="DESKTOP-S4THFM7" failures="0" tests="1" name="Test-searchuser" time="7.543" errors="0" timestamp="2025-01-29T14:39:45 IST">
  <testcase classname="testcase.ManageUsersTest" name="searchNewUser" time="3.882"/>
  <testcase classname="testcase.ManageUsersTest" name="addNewUser" time="0.0">
    <ignored/>
  </testcase> <!-- addNewUser -->
</testsuite> <!-- Test-searchuser -->
