<?xml version="1.0" encoding="UTF-8"?>
<!-- Generated by org.testng.reporters.JUnitXMLReporter -->
<testsuite ignored="1" hostname="DESKTOP-S4THFM7" failures="0" tests="1" name="Test-subcategory" time="8.632" errors="0" timestamp="2025-01-29T14:39:22 IST">
  <testcase classname="testcase.SubCategoryTest" name="addSubCategory" time="4.091"/>
  <testcase classname="testcase.SubCategoryTest" name="searchSubCategory" time="0.0">
    <ignored/>
  </testcase> <!-- searchSubCategory -->
</testsuite> <!-- Test-subcategory -->
