<?xml version="1.0" encoding="UTF-8"?>
<!-- Generated by org.testng.reporters.JUnitXMLReporter -->
<testsuite ignored="0" hostname="DESKTOP-S4THFM7" failures="0" tests="1" name="Test-addnews" time="8.954" errors="0" timestamp="2025-01-29T14:39:54 IST">
  <testcase classname="testcase.ManageNewsTest" name="addNews" time="4.39"/>
</testsuite> <!-- Test-addnews -->
