<?xml version="1.0" encoding="UTF-8"?>
<!-- Generated by org.testng.reporters.JUnitXMLReporter -->
<testsuite ignored="1" hostname="DESKTOP-S4THFM7" failures="0" tests="1" name="Test-searchsubcategory" time="7.828" errors="0" timestamp="2025-01-29T14:39:30 IST">
  <testcase classname="testcase.SubCategoryTest" name="searchSubCategory" time="3.4"/>
  <testcase classname="testcase.SubCategoryTest" name="addSubCategory" time="0.0">
    <ignored/>
  </testcase> <!-- addSubCategory -->
</testsuite> <!-- Test-searchsubcategory -->
