<?xml version="1.0" encoding="UTF-8"?>
<!-- Generated by org.testng.reporters.JUnitXMLReporter -->
<testsuite ignored="0" hostname="DESKTOP-S4THFM7" failures="0" tests="2" name="Test-subcategory" time="16.396" errors="0" timestamp="2025-02-05T21:54:38 IST">
  <testcase classname="testcase.SubCategoryTest" name="addingANewSubCategoryInSubcategoryField" time="0.0">
    <skipped/>
  </testcase> <!-- addingANewSubCategoryInSubcategoryField -->
  <testcase classname="testcase.SubCategoryTest" name="searchNewlyAddedSubCategory" time="0.0">
    <skipped/>
  </testcase> <!-- searchNewlyAddedSubCategory -->
</testsuite> <!-- Test-subcategory -->
