<?xml version="1.0" encoding="UTF-8"?>
<!-- Generated by org.testng.reporters.JUnitXMLReporter -->
<testsuite ignored="0" hostname="DESKTOP-S4THFM7" failures="0" tests="2" name="Test-user" time="19.076" errors="0" timestamp="2025-01-29T14:04:03 IST">
  <testcase classname="testcase.ManageUsersTest" name="addNewUser" time="5.062"/>
  <testcase classname="testcase.ManageUsersTest" name="searchNewUser" time="4.177"/>
</testsuite> <!-- Test-user -->
