<?xml version="1.0" encoding="UTF-8"?>
<!-- Generated by org.testng.reporters.JUnitXMLReporter -->
<testsuite ignored="0" hostname="DESKTOP-S4THFM7" failures="0" tests="2" name="Test-user" time="7.484" errors="0" timestamp="2025-02-05T21:54:46 IST">
  <testcase classname="testcase.ManageUsersTest" name="addingNewUserToTheManageUserSection" time="0.0">
    <skipped/>
  </testcase> <!-- addingNewUserToTheManageUserSection -->
  <testcase classname="testcase.ManageUsersTest" name="searchAndVerifyNewlyAddedUser" time="0.0">
    <skipped/>
  </testcase> <!-- searchAndVerifyNewlyAddedUser -->
</testsuite> <!-- Test-user -->
