<?xml version="1.0" encoding="UTF-8"?>
<!-- Generated by org.testng.reporters.JUnitXMLReporter -->
<testsuite ignored="0" hostname="DESKTOP-S4THFM7" failures="0" tests="1" name="Test-news" time="10.6" errors="0" timestamp="2025-01-29T14:05:17 IST">
  <testcase classname="testcase.ManageNewsTest" name="addNews" time="6.013"/>
</testsuite> <!-- Test-news -->
