<?xml version="1.0" encoding="UTF-8"?>
<!-- Generated by org.testng.reporters.JUnitXMLReporter -->
<testsuite ignored="0" hostname="DESKTOP-S4THFM7" failures="0" tests="1" name="Test-logout" time="3.366" errors="0" timestamp="2025-02-05T21:54:53 IST">
  <testcase classname="testcase.HomePageTest" name="adminLogoutAfterAdminLoginToHomePage" time="0.0">
    <skipped/>
  </testcase> <!-- adminLogoutAfterAdminLoginToHomePage -->
</testsuite> <!-- Test-logout -->
