<?xml version="1.0" encoding="UTF-8"?>
<!-- Generated by org.testng.reporters.JUnitXMLReporter -->
<testsuite ignored="0" hostname="DESKTOP-S4THFM7" failures="0" tests="2" name="Test-category" time="7.892" errors="0" timestamp="2025-02-05T21:54:22 IST">
  <testcase classname="testcase.CategoryTest" name="addingANewProductToTheCategory" time="0.0">
    <skipped/>
  </testcase> <!-- addingANewProductToTheCategory -->
  <testcase classname="testcase.CategoryTest" name="searchAndVerifyTheNewlyAddedProductInCategory" time="0.0">
    <skipped/>
  </testcase> <!-- searchAndVerifyTheNewlyAddedProductInCategory -->
</testsuite> <!-- Test-category -->
