<?xml version="1.0" encoding="UTF-8"?>
<!-- Generated by org.testng.reporters.JUnitXMLReporter -->
<testsuite ignored="0" hostname="DESKTOP-S4THFM7" failures="0" tests="2" name="Test-subcategory" time="18.411" errors="0" timestamp="2025-01-29T14:02:35 IST">
  <testcase classname="testcase.SubCategoryTest" name="addSubCategory" time="5.41"/>
  <testcase classname="testcase.SubCategoryTest" name="searchSubCategory" time="3.195"/>
</testsuite> <!-- Test-subcategory -->
